# JRE version: OpenJDK Runtime Environment (11.0.4+10) (build 11.0.4+10-b304.77)
# Java VM: OpenJDK 64-Bit Server VM (11.0.4+10-b304.77, mixed mode, sharing, tiered, compressed oops, g1 gc, windows-amd64)
Heap:
 garbage-first heap   total 926720K, used 82513K [0x0000000722000000, 0x0000000800000000)
  region size 1024K, 11 young (11264K), 11 survivors (11264K)
 Metaspace       used 1295K, capacity 4692K, committed 4864K, reserved 1056768K
  class space    used 105K, capacity 413K, committed 512K, reserved 1048576K
GC Heap History (10 events):
Event: 1.425 GC heap after
{Heap after GC invocations=4 (full 0):
 garbage-first heap   total 227328K, used 28276K [0x0000000722000000, 0x0000000800000000)
  region size 1024K, 2 young (2048K), 2 survivors (2048K)
 Metaspace       used 1279K, capacity 4692K, committed 4864K, reserved 1056768K
  class space    used 105K, capacity 413K, committed 512K, reserved 1048576K
}
Event: 1.505 GC heap before
{Heap before GC invocations=4 (full 0):
 garbage-first heap   total 227328K, used 68212K [0x0000000722000000, 0x0000000800000000)
  region size 1024K, 41 young (41984K), 2 survivors (2048K)
 Metaspace       used 1279K, capacity 4692K, committed 4864K, reserved 1056768K
  class space    used 105K, capacity 413K, committed 512K, reserved 1048576K
}
Event: 1.650 GC heap after
{Heap after GC invocations=5 (full 0):
 garbage-first heap   total 399360K, used 34330K [0x0000000722000000, 0x0000000800000000)
  region size 1024K, 6 young (6144K), 6 survivors (6144K)
 Metaspace       used 1279K, capacity 4692K, committed 4864K, reserved 1056768K
  class space    used 105K, capacity 413K, committed 512K, reserved 1048576K
}
Event: 1.713 GC heap before
{Heap before GC invocations=5 (full 0):
 garbage-first heap   total 399360K, used 60954K [0x0000000722000000, 0x0000000800000000)
  region size 1024K, 28 young (28672K), 6 survivors (6144K)
 Metaspace       used 1280K, capacity 4692K, committed 4864K, reserved 1056768K
  class space    used 105K, capacity 413K, committed 512K, reserved 1048576K
}
Event: 1.745 GC heap after
{Heap after GC invocations=6 (full 0):
 garbage-first heap   total 399360K, used 42265K [0x0000000722000000, 0x0000000800000000)
  region size 1024K, 4 young (4096K), 4 survivors (4096K)
 Metaspace       used 1280K, capacity 4692K, committed 4864K, reserved 1056768K
  class space    used 105K, capacity 413K, committed 512K, reserved 1048576K
}
Event: 1.871 GC heap before
{Heap before GC invocations=6 (full 0):
 garbage-first heap   total 399360K, used 95513K [0x0000000722000000, 0x0000000800000000)
  region size 1024K, 52 young (53248K), 4 survivors (4096K)
 Metaspace       used 1295K, capacity 4692K, committed 4864K, reserved 1056768K
  class space    used 105K, capacity 413K, committed 512K, reserved 1048576K
}
Event: 1.882 GC heap after
{Heap after GC invocations=7 (full 0):
 garbage-first heap   total 399360K, used 53986K [0x0000000722000000, 0x0000000800000000)
  region size 1024K, 7 young (7168K), 7 survivors (7168K)
 Metaspace       used 1295K, capacity 4692K, committed 4864K, reserved 1056768K
  class space    used 105K, capacity 413K, committed 512K, reserved 1048576K
}
Event: 2.006 GC heap before
{Heap before GC invocations=7 (full 0):
 garbage-first heap   total 399360K, used 125666K [0x0000000722000000, 0x0000000800000000)
  region size 1024K, 71 young (72704K), 7 survivors (7168K)
 Metaspace       used 1295K, capacity 4692K, committed 4864K, reserved 1056768K
  class space    used 105K, capacity 413K, committed 512K, reserved 1048576K
}
Event: 2.021 GC heap after
{Heap after GC invocations=8 (full 0):
 garbage-first heap   total 399360K, used 70289K [0x0000000722000000, 0x0000000800000000)
  region size 1024K, 9 young (9216K), 9 survivors (9216K)
 Metaspace       used 1295K, capacity 4692K, committed 4864K, reserved 1056768K
  class space    used 105K, capacity 413K, committed 512K, reserved 1048576K
}
Event: 2.142 GC heap before
{Heap before GC invocations=8 (full 0):
 garbage-first heap   total 399360K, used 150161K [0x0000000722000000, 0x0000000800000000)
  region size 1024K, 87 young (89088K), 9 survivors (9216K)
 Metaspace       used 1295K, capacity 4692K, committed 4864K, reserved 1056768K
  class space    used 105K, capacity 413K, committed 512K, reserved 1048576K
}

