# JRE version: OpenJDK Runtime Environment (11.0.4+10) (build 11.0.4+10-b304.77)
# Java VM: OpenJDK 64-Bit Server VM (11.0.4+10-b304.77, mixed mode, sharing, tiered, compressed oops, g1 gc, windows-amd64)
Heap:
 garbage-first heap   total 898048K, used 91459K [0x0000000722000000, 0x0000000800000000)
  region size 1024K, 11 young (11264K), 11 survivors (11264K)
 Metaspace       used 1298K, capacity 4692K, committed 4864K, reserved 1056768K
  class space    used 105K, capacity 413K, committed 512K, reserved 1048576K
GC Heap History (10 events):
Event: 1.279 GC heap after
{Heap after GC invocations=4 (full 0):
 garbage-first heap   total 227328K, used 29201K [0x0000000722000000, 0x0000000800000000)
  region size 1024K, 2 young (2048K), 2 survivors (2048K)
 Metaspace       used 1283K, capacity 4692K, committed 4864K, reserved 1056768K
  class space    used 105K, capacity 413K, committed 512K, reserved 1048576K
}
Event: 1.412 GC heap before
{Heap before GC invocations=4 (full 0):
 garbage-first heap   total 227328K, used 82449K [0x0000000722000000, 0x0000000800000000)
  region size 1024K, 50 young (51200K), 2 survivors (2048K)
 Metaspace       used 1283K, capacity 4692K, committed 4864K, reserved 1056768K
  class space    used 105K, capacity 413K, committed 512K, reserved 1048576K
}
Event: 1.537 GC heap after
{Heap after GC invocations=5 (full 0):
 garbage-first heap   total 343040K, used 40293K [0x0000000722000000, 0x0000000800000000)
  region size 1024K, 7 young (7168K), 7 survivors (7168K)
 Metaspace       used 1283K, capacity 4692K, committed 4864K, reserved 1056768K
  class space    used 105K, capacity 413K, committed 512K, reserved 1048576K
}
Event: 1.634 GC heap before
{Heap before GC invocations=5 (full 0):
 garbage-first heap   total 343040K, used 81253K [0x0000000722000000, 0x0000000800000000)
  region size 1024K, 43 young (44032K), 7 survivors (7168K)
 Metaspace       used 1297K, capacity 4692K, committed 4864K, reserved 1056768K
  class space    used 105K, capacity 413K, committed 512K, reserved 1048576K
}
Event: 1.690 GC heap after
{Heap after GC invocations=6 (full 0):
 garbage-first heap   total 343040K, used 50829K [0x0000000722000000, 0x0000000800000000)
  region size 1024K, 6 young (6144K), 6 survivors (6144K)
 Metaspace       used 1297K, capacity 4692K, committed 4864K, reserved 1056768K
  class space    used 105K, capacity 413K, committed 512K, reserved 1048576K
}
Event: 1.792 GC heap before
{Heap before GC invocations=6 (full 0):
 garbage-first heap   total 343040K, used 95885K [0x0000000722000000, 0x0000000800000000)
  region size 1024K, 50 young (51200K), 6 survivors (6144K)
 Metaspace       used 1298K, capacity 4692K, committed 4864K, reserved 1056768K
  class space    used 105K, capacity 413K, committed 512K, reserved 1048576K
}
Event: 1.823 GC heap after
{Heap after GC invocations=7 (full 0):
 garbage-first heap   total 343040K, used 58311K [0x0000000722000000, 0x0000000800000000)
  region size 1024K, 7 young (7168K), 7 survivors (7168K)
 Metaspace       used 1298K, capacity 4692K, committed 4864K, reserved 1056768K
  class space    used 105K, capacity 413K, committed 512K, reserved 1048576K
}
Event: 1.926 GC heap before
{Heap before GC invocations=7 (full 0):
 garbage-first heap   total 343040K, used 119751K [0x0000000722000000, 0x0000000800000000)
  region size 1024K, 61 young (62464K), 7 survivors (7168K)
 Metaspace       used 1298K, capacity 4692K, committed 4864K, reserved 1056768K
  class space    used 105K, capacity 413K, committed 512K, reserved 1048576K
}
Event: 1.942 GC heap after
{Heap after GC invocations=8 (full 0):
 garbage-first heap   total 343040K, used 72704K [0x0000000722000000, 0x0000000800000000)
  region size 1024K, 8 young (8192K), 8 survivors (8192K)
 Metaspace       used 1298K, capacity 4692K, committed 4864K, reserved 1056768K
  class space    used 105K, capacity 413K, committed 512K, reserved 1048576K
}
Event: 2.128 GC heap before
{Heap before GC invocations=8 (full 0):
 garbage-first heap   total 343040K, used 159744K [0x0000000722000000, 0x0000000800000000)
  region size 1024K, 86 young (88064K), 8 survivors (8192K)
 Metaspace       used 1298K, capacity 4692K, committed 4864K, reserved 1056768K
  class space    used 105K, capacity 413K, committed 512K, reserved 1048576K
}

